#
# There is insufficient memory for the Java Runtime Environment to continue.
# Native memory allocation (mmap) failed to map 67108864 bytes for G1 virtual space
# Possible reasons:
#   The system is out of physical RAM or swap space
#   The process is running with CompressedOops enabled, and the Java Heap may be blocking the growth of the native heap
# Possible solutions:
#   Reduce memory load on the system
#   Increase physical memory or swap space
#   Check if swap backing store is full
#   Decrease Java heap size (-Xmx/-Xms)
#   Decrease number of Java threads
#   Decrease Java thread stack sizes (-Xss)
#   Set larger code cache with -XX:ReservedCodeCacheSize=
#   JVM is running with Unscaled Compressed Oops mode in which the Java heap is
#     placed in the first 4GB address space. The Java Heap base address is the
#     maximum limit for the native heap growth. Please use -XX:HeapBaseMinAddress
#     to set the Java Heap base and to place the Java Heap above 4GB virtual address.
# This output file may be truncated or incomplete.
#
#  Out of Memory Error (os_windows.cpp:3532), pid=7448, tid=9964
#
# JRE version:  (17.0.2+8) (build )
# Java VM: Java HotSpot(TM) 64-Bit Server VM (17.0.2+8-LTS-86, mixed mode, sharing, tiered, compressed oops, compressed class ptrs, g1 gc, windows-amd64)
# No core dump will be written. Minidumps are not enabled by default on client versions of Windows
#

---------------  S U M M A R Y ------------

Command Line: -Dfile.encoding=Cp1252 -XX:+ShowCodeDetailsInExceptionMessages com.bridgelabz.addressbookday24.AddressBookMain

Host: Intel(R) Core(TM)2 Duo CPU     T6670  @ 2.20GHz, 2 cores, 3G,  Windows 7 , 64 bit Build 7601 (6.1.7601.24384)
Time: Wed Apr 20 01:15:54 2022 India Standard Time elapsed time: 0.423276 seconds (0d 0h 0m 0s)

---------------  T H R E A D  ---------------

Current thread (0x000000000024e150):  JavaThread "Unknown thread" [_thread_in_vm, id=9964, stack(0x0000000002230000,0x0000000002330000)]

Stack: [0x0000000002230000,0x0000000002330000]
Native frames: (J=compiled Java code, j=interpreted, Vv=VM code, C=native code)
V  [jvm.dll+0x670baa]
V  [jvm.dll+0x7cfcb4]
V  [jvm.dll+0x7d145e]
V  [jvm.dll+0x7d1ac3]
V  [jvm.dll+0x242bc5]
V  [jvm.dll+0x66dac9]
V  [jvm.dll+0x662412]
V  [jvm.dll+0x300c0b]
V  [jvm.dll+0x3081a6]
V  [jvm.dll+0x357d0e]
V  [jvm.dll+0x357f3f]
V  [jvm.dll+0x2d7ec8]
V  [jvm.dll+0x2d8e34]
V  [jvm.dll+0x7a18c1]
V  [jvm.dll+0x365a91]
V  [jvm.dll+0x780d2c]
V  [jvm.dll+0x3e845f]
V  [jvm.dll+0x3e9f01]
C  [jli.dll+0x527b]
C  [ucrtbase.DLL+0x1d912]
C  [kernel32.dll+0x1570d]
C  [ntdll.dll+0x5385d]


---------------  P R O C E S S  ---------------

Threads class SMR info:
_java_thread_list=0x000007fedee89858, length=0, elements={
}

Java Threads: ( => current thread )

Other Threads:
  0x0000000000281c80 GCTaskThread "GC Thread#0" [stack: 0x000000001b900000,0x000000001ba00000] [id=9940]
  0x00000000002c9380 ConcurrentGCThread "G1 Main Marker" [stack: 0x000000001bb40000,0x000000001bc40000] [id=9420]
  0x00000000002cc9a0 ConcurrentGCThread "G1 Conc#0" [stack: 0x000000001bd20000,0x000000001be20000] [id=8084]

[error occurred during error reporting (printing all threads), id 0xc0000005, EXCEPTION_ACCESS_VIOLATION (0xc0000005) at pc=0x000007fede6d88a7]

VM state: not at safepoint (not fully initialized)

VM Mutex/Monitor currently owned by a thread:  ([mutex/lock_event])
[0x0000000000248960] Heap_lock - owner thread: 0x000000000024e150

Heap address: 0x00000000c0800000, size: 1016 MB, Compressed Oops mode: 32-bit

CDS archive(s) mapped at: [0x0000000000000000-0x0000000000000000-0x0000000000000000), size 0, SharedBaseAddress: 0x0000000800000000, ArchiveRelocationMode: 0.
Narrow klass base: 0x0000000000000000, Narrow klass shift: 0, Narrow klass range: 0x0

GC Precious Log:
<Empty>

Heap:
 garbage-first heap   total 0K, used 0K [0x00000000c0800000, 0x0000000100000000)
  region size 1024K, 0 young (0K), 0 survivors (0K)

[error occurred during error reporting (printing heap information), id 0xc0000005, EXCEPTION_ACCESS_VIOLATION (0xc0000005) at pc=0x000007fedeab9f19]

GC Heap History (0 events):
No events

Deoptimization events (0 events):
No events

Classes unloaded (0 events):
No events

Classes redefined (0 events):
No events

Internal exceptions (0 events):
No events

VM Operations (0 events):
No events

Events (1 events):
Event: 0.016 Loaded shared library C:\Program Files\Java\jdk-17.0.2\bin\java.dll


Dynamic libraries:
0x000000013f4b0000 - 0x000000013f4c0000 	C:\Program Files\Java\jdk-17.0.2\bin\javaw.exe
0x0000000077020000 - 0x00000000771bf000 	C:\Windows\SYSTEM32\ntdll.dll
0x0000000076f00000 - 0x000000007701f000 	C:\Windows\system32\kernel32.dll
0x000007fefd020000 - 0x000007fefd08a000 	C:\Windows\system32\KERNELBASE.dll
0x000007fee5d10000 - 0x000007fee5d28000 	C:\Program Files\Java\jdk-17.0.2\bin\jli.dll
0x000007fefdb40000 - 0x000007fefdc1b000 	C:\Windows\system32\ADVAPI32.dll
0x000007fefdf90000 - 0x000007fefe02f000 	C:\Windows\system32\msvcrt.dll
0x000007fefdf70000 - 0x000007fefdf8f000 	C:\Windows\SYSTEM32\sechost.dll
0x000007fefd7c0000 - 0x000007fefd8ec000 	C:\Windows\system32\RPCRT4.dll
0x000007fefae20000 - 0x000007fefb014000 	C:\Windows\WinSxS\amd64_microsoft.windows.common-controls_6595b64144ccf1df_6.0.7601.17514_none_fa396087175ac9ac\COMCTL32.dll
0x000007fefd8f0000 - 0x000007fefd957000 	C:\Windows\system32\GDI32.dll
0x0000000076e00000 - 0x0000000076efa000 	C:\Windows\system32\USER32.dll
0x000007fefe330000 - 0x000007fefe33e000 	C:\Windows\system32\LPK.dll
0x000007fefdea0000 - 0x000007fefdf69000 	C:\Windows\system32\USP10.dll
0x000007fefd530000 - 0x000007fefd5a1000 	C:\Windows\system32\SHLWAPI.dll
0x000007fefbff0000 - 0x000007fefbffc000 	C:\Windows\system32\VERSION.dll
0x000007fefad50000 - 0x000007fefad6a000 	C:\Program Files\Java\jdk-17.0.2\bin\VCRUNTIME140.dll
0x000007fee73b0000 - 0x000007fee73b4000 	C:\Program Files\Java\jdk-17.0.2\bin\api-ms-win-crt-runtime-l1-1-0.dll
0x000007fedadb0000 - 0x000007fedaeaa000 	C:\Program Files\Java\jdk-17.0.2\bin\ucrtbase.DLL
0x000007fee73d0000 - 0x000007fee73d3000 	C:\Program Files\Java\jdk-17.0.2\bin\api-ms-win-core-localization-l1-2-0.dll
0x000007fee6cd0000 - 0x000007fee6cd3000 	C:\Program Files\Java\jdk-17.0.2\bin\api-ms-win-core-processthreads-l1-1-1.dll
0x000007fee6dd0000 - 0x000007fee6dd3000 	C:\Program Files\Java\jdk-17.0.2\bin\api-ms-win-core-file-l1-2-0.dll
0x000007fee6cc0000 - 0x000007fee6cc3000 	C:\Program Files\Java\jdk-17.0.2\bin\api-ms-win-core-timezone-l1-1-0.dll
0x000007fee6cb0000 - 0x000007fee6cb3000 	C:\Program Files\Java\jdk-17.0.2\bin\api-ms-win-core-file-l2-1-0.dll
0x000007fee6c30000 - 0x000007fee6c33000 	C:\Program Files\Java\jdk-17.0.2\bin\api-ms-win-core-synch-l1-2-0.dll
0x000007fee6bf0000 - 0x000007fee6bf3000 	C:\Program Files\Java\jdk-17.0.2\bin\api-ms-win-crt-heap-l1-1-0.dll
0x000007fee62d0000 - 0x000007fee62d4000 	C:\Program Files\Java\jdk-17.0.2\bin\api-ms-win-crt-string-l1-1-0.dll
0x000007fee6100000 - 0x000007fee6104000 	C:\Program Files\Java\jdk-17.0.2\bin\api-ms-win-crt-stdio-l1-1-0.dll
0x000007fee5c80000 - 0x000007fee5c84000 	C:\Program Files\Java\jdk-17.0.2\bin\api-ms-win-crt-convert-l1-1-0.dll
0x000007fee5d00000 - 0x000007fee5d03000 	C:\Program Files\Java\jdk-17.0.2\bin\api-ms-win-crt-environment-l1-1-0.dll
0x000007fee3500000 - 0x000007fee3503000 	C:\Program Files\Java\jdk-17.0.2\bin\api-ms-win-crt-filesystem-l1-1-0.dll
0x000007fee3510000 - 0x000007fee3515000 	C:\Program Files\Java\jdk-17.0.2\bin\api-ms-win-crt-math-l1-1-0.dll
0x000007fee3450000 - 0x000007fee3453000 	C:\Program Files\Java\jdk-17.0.2\bin\api-ms-win-crt-locale-l1-1-0.dll
0x000007feff200000 - 0x000007feff22e000 	C:\Windows\system32\IMM32.DLL
0x000007fefd420000 - 0x000007fefd529000 	C:\Windows\system32\MSCTF.dll
0x000007fef7ca0000 - 0x000007fef7cac000 	C:\Program Files\Java\jdk-17.0.2\bin\vcruntime140_1.dll
0x000007feddb80000 - 0x000007feddc0d000 	C:\Program Files\Java\jdk-17.0.2\bin\msvcp140.dll
0x000007fee3460000 - 0x000007fee3463000 	C:\Program Files\Java\jdk-17.0.2\bin\api-ms-win-crt-time-l1-1-0.dll
0x000007fee3430000 - 0x000007fee3433000 	C:\Program Files\Java\jdk-17.0.2\bin\api-ms-win-crt-utility-l1-1-0.dll
0x000007fede3f0000 - 0x000007fedefb1000 	C:\Program Files\Java\jdk-17.0.2\bin\server\jvm.dll
0x000007fee34e0000 - 0x000007fee34e9000 	C:\Windows\system32\WSOCK32.dll
0x000007fefe0b0000 - 0x000007fefe0fd000 	C:\Windows\system32\WS2_32.dll
0x000007fefe1a0000 - 0x000007fefe1a8000 	C:\Windows\system32\NSI.dll
0x000007fef87d0000 - 0x000007fef880b000 	C:\Windows\system32\WINMM.dll
0x00000000771c0000 - 0x00000000771c7000 	C:\Windows\system32\PSAPI.DLL
0x000007fef7c40000 - 0x000007fef7c4a000 	C:\Program Files\Java\jdk-17.0.2\bin\jimage.dll
0x000007fefa100000 - 0x000007fefa225000 	C:\Windows\system32\DBGHELP.DLL
0x000007fef7c10000 - 0x000007fef7c35000 	C:\Program Files\Java\jdk-17.0.2\bin\java.dll

dbghelp: loaded successfully - version: 4.0.5 - missing functions: none
symbol engine: initialized successfully - sym options: 0x614 - pdb path: .;C:\Program Files\Java\jdk-17.0.2\bin;C:\Windows\SYSTEM32;C:\Windows\WinSxS\amd64_microsoft.windows.common-controls_6595b64144ccf1df_6.0.7601.17514_none_fa396087175ac9ac;C:\Program Files\Java\jdk-17.0.2\bin\server

VM Arguments:
jvm_args: -Dfile.encoding=Cp1252 -XX:+ShowCodeDetailsInExceptionMessages 
java_command: com.bridgelabz.addressbookday24.AddressBookMain
java_class_path (initial): D:\pratice\Day24_PraticeProblems\bin
Launcher Type: SUN_STANDARD

[Global flags]
     intx CICompilerCount                          = 2                                         {product} {ergonomic}
     uint ConcGCThreads                            = 1                                         {product} {ergonomic}
     uint G1ConcRefinementThreads                  = 2                                         {product} {ergonomic}
   size_t G1HeapRegionSize                         = 1048576                                   {product} {ergonomic}
    uintx GCDrainStackTargetSize                   = 64                                        {product} {ergonomic}
   size_t InitialHeapSize                          = 67108864                                  {product} {ergonomic}
   size_t MarkStackSize                            = 4194304                                   {product} {ergonomic}
   size_t MaxHeapSize                              = 1065353216                                {product} {ergonomic}
   size_t MinHeapDeltaBytes                        = 1048576                                   {product} {ergonomic}
   size_t MinHeapSize                              = 8388608                                   {product} {ergonomic}
    uintx NonNMethodCodeHeapSize                   = 5826188                                {pd product} {ergonomic}
    uintx NonProfiledCodeHeapSize                  = 122916026                              {pd product} {ergonomic}
    uintx ProfiledCodeHeapSize                     = 122916026                              {pd product} {ergonomic}
    uintx ReservedCodeCacheSize                    = 251658240                              {pd product} {ergonomic}
     bool SegmentedCodeCache                       = true                                      {product} {ergonomic}
     bool ShowCodeDetailsInExceptionMessages       = true                                   {manageable} {command line}
   size_t SoftMaxHeapSize                          = 1065353216                             {manageable} {ergonomic}
     bool UseCompressedClassPointers               = true                           {product lp64_product} {ergonomic}
     bool UseCompressedOops                        = true                           {product lp64_product} {ergonomic}
     bool UseG1GC                                  = true                                      {product} {ergonomic}
     bool UseLargePagesIndividualAllocation        = false                                  {pd product} {ergonomic}

Logging:
Log output configuration:
 #0: stdout all=warning uptime,level,tags
 #1: stderr all=off uptime,level,tags

Environment Variables:
JAVA_HOME=C:\Program Files\Java\jdk-17.0.2
PATH=C:/Program Files/Java/jdk-17.0.2/bin/server;C:/Program Files/Java/jdk-17.0.2/bin;C:\Program Files\Java\jdk-17.0.2\bin;C:\Windows\system32;
USERNAME=DELL
OS=Windows_NT
PROCESSOR_IDENTIFIER=Intel64 Family 6 Model 23 Stepping 10, GenuineIntel



---------------  S Y S T E M  ---------------

OS:
 Windows 7 , 64 bit Build 7601 (6.1.7601.24384)
OS uptime: 0 days 6:02 hours

CPU: total 2 (initial active 2) (2 cores per cpu, 1 threads per core) family 6 model 23 stepping 10 microcode 0x0, cx8, cmov, fxsr, mmx, sse, sse2, sse3, ssse3, sse4.1, tsc, clflush

Memory: 4k page, system-wide physical 4060M (834M free)
TotalPageFile size 16239M (AvailPageFile size 58M)
current process WorkingSet (physical memory assigned to process): 10M, peak: 10M
current process commit charge ("private bytes"): 52M, peak: 114M

vm_info: Java HotSpot(TM) 64-Bit Server VM (17.0.2+8-LTS-86) for windows-amd64 JRE (17.0.2+8-LTS-86), built on Dec  7 2021 21:51:03 by "mach5one" with MS VC++ 16.8 / 16.9 (VS2019)

END.
